<?xml version="1.0" encoding="UTF-8"?>
<testng-results ignored="0" total="1" passed="1" failed="0" skipped="0">
  <reporter-output>
  </reporter-output>
  <suite started-at="2023-12-16T17:57:38 IST" name="Default suite" finished-at="2023-12-16T17:57:38 IST" duration-ms="135">
    <groups>
    </groups>
    <test started-at="2023-12-16T17:57:38 IST" name="Default test" finished-at="2023-12-16T17:57:38 IST" duration-ms="135">
      <class name="Demo1">
        <test-method signature="aTest()[pri:0, instance:Demo1@19e4653c]" started-at="2023-12-16T17:57:38 IST" name="aTest" finished-at="2023-12-16T17:57:38 IST" duration-ms="19" status="PASS">
          <reporter-output>
          </reporter-output>
        </test-method> <!-- aTest -->
      </class> <!-- Demo1 -->
    </test> <!-- Default test -->
  </suite> <!-- Default suite -->
</testng-results>
